<?xml version="1.0" encoding="UTF-8"?>
<!-- Generated by org.testng.reporters.JUnitXMLReporter -->
<testsuite ignored="10" hostname="LTIN202390" failures="0" tests="34" name="Test" time="235.532" errors="0" timestamp="2024-03-01T12:50:16 IST">
  <testcase classname="testCases.TS00_Smoke" name="launchBrowser" time="0.01"/>
  <testcase classname="testCases.TS00_Smoke" name="navigateURL" time="5.737"/>
  <testcase classname="testCases.TS00_Smoke" name="verifypPageLoad" time="0.065"/>
  <testcase classname="testCases.TS00_Smoke" name="verifyCourseraHomepage" time="7.197"/>
  <testcase classname="testCases.TS00_Smoke" name="isSearchBoxDisplayed" time="0.115"/>
  <testcase classname="testCases.TS00_Smoke" name="verifySearch" time="9.253"/>
  <testcase classname="testCases.TS00_Smoke" name="verifyResults" time="0.074"/>
  <testcase classname="testCases.TS00_Smoke" name="verifyLanguageOptions" time="1.138"/>
  <testcase classname="testCases.TS00_Smoke" name="verifyLevelOptions" time="3.64"/>
  <testcase classname="testCases.TS00_Smoke" name="verifyIndividualLink" time="5.646"/>
  <testcase classname="testCases.TS00_Smoke" name="verifyBuisenessLink" time="7.829"/>
  <testcase classname="testCases.TS00_Smoke" name="verifyUniversitiesLink" time="4.61"/>
  <testcase classname="testCases.TS00_Smoke" name="verifySolutionOptions" time="0.639"/>
  <testcase classname="testCases.TS00_Smoke" name="verifySolutionsLink" time="4.664"/>
  <testcase classname="testCases.TS00_Smoke" name="verifyForCampusLink" time="3.508"/>
  <testcase classname="testCases.TS001_SearchCourse" name="SearchCourse" time="15.619"/>
  <testcase classname="testCases.TS001_SearchCourse" name="addFilters" time="2.897"/>
  <testcase classname="testCases.TS001_SearchCourse" name="clickTopTwoCourses" time="6.91"/>
  <testcase classname="testCases.TS002_CourseDetails" name="gotoFirstCourse" time="0.878"/>
  <testcase classname="testCases.TS002_CourseDetails" name="captureFirstCourseDetails" time="5.149"/>
  <testcase classname="testCases.TS002_CourseDetails" name="displayfirstCourse" time="0.001"/>
  <testcase classname="testCases.TS002_CourseDetails" name="gotoSecondCourse" time="0.027"/>
  <testcase classname="testCases.TS002_CourseDetails" name="captureSecondCourseDetails" time="3.5"/>
  <testcase classname="testCases.TS002_CourseDetails" name="displaySecondCourse" time="0.0"/>
  <testcase classname="testCases.TS003_LanguageLearning" name="navigateToHomepage" time="15.581"/>
  <testcase classname="testCases.TS003_LanguageLearning" name="captureAllLanguage" time="1.229"/>
  <testcase classname="testCases.TS003_LanguageLearning" name="getAlllevels" time="0.202"/>
  <testcase classname="testCases.TS003_LanguageLearning" name="displayLanguagesLevels" time="0.002"/>
  <testcase classname="testCases.TS004_FormRegistrationValid" name="clickEnterprise" time="5.792"/>
  <testcase classname="testCases.TS004_FormRegistrationValid" name="navigateToFormPage" time="4.359"/>
  <testcase classname="testCases.TS004_FormRegistrationValid" name="fillForm" time="35.893"/>
  <testcase classname="testCases.TS005_FormRegistrationInvalid" name="clickEnterprise" time="5.389"/>
  <testcase classname="testCases.TS005_FormRegistrationInvalid" name="navigateToFormPage" time="4.406"/>
  <testcase classname="testCases.TS005_FormRegistrationInvalid" name="fillForm" time="34.014"/>
  <testcase classname="testBase.BaseClass" name="@AfterTest tearDown" time="0.0">
    <ignored/>
  </testcase> <!-- @AfterTest tearDown -->
  <testcase classname="testBase.BaseClass" name="@AfterTest tearDown" time="0.0">
    <ignored/>
  </testcase> <!-- @AfterTest tearDown -->
  <testcase classname="testBase.BaseClass" name="@AfterTest tearDown" time="0.0">
    <ignored/>
  </testcase> <!-- @AfterTest tearDown -->
  <testcase classname="testBase.BaseClass" name="@AfterTest tearDown" time="0.0">
    <ignored/>
  </testcase> <!-- @AfterTest tearDown -->
  <testcase classname="testBase.BaseClass" name="@AfterTest tearDown" time="0.0">
    <ignored/>
  </testcase> <!-- @AfterTest tearDown -->
  <testcase classname="testBase.BaseClass" name="@BeforeTest setupDriver" time="0.0">
    <ignored/>
  </testcase> <!-- @BeforeTest setupDriver -->
  <testcase classname="testBase.BaseClass" name="@BeforeTest setupDriver" time="0.0">
    <ignored/>
  </testcase> <!-- @BeforeTest setupDriver -->
  <testcase classname="testBase.BaseClass" name="@BeforeTest setupDriver" time="0.0">
    <ignored/>
  </testcase> <!-- @BeforeTest setupDriver -->
  <testcase classname="testBase.BaseClass" name="@BeforeTest setupDriver" time="0.0">
    <ignored/>
  </testcase> <!-- @BeforeTest setupDriver -->
  <testcase classname="testBase.BaseClass" name="@BeforeTest setupDriver" time="0.0">
    <ignored/>
  </testcase> <!-- @BeforeTest setupDriver -->
</testsuite> <!-- Test -->
